<?xml version="1.0" encoding="UTF-8"?>
<!-- Generated by org.testng.reporters.JUnitXMLReporter -->
<testsuite hostname="LAPTOP-E1APB05D" ignored="0" name="Test" tests="3" failures="0" timestamp="03 May 2023 18:15:38 GMT" time="29.01" errors="0">
  <testcase name="validatePlanType" time="24.662" classname="example.example.tests.SubscriptionPageTest"/>
  <testcase name="validatePlanPrice" time="0.04" classname="example.example.tests.SubscriptionPageTest"/>
  <testcase name="validateCurrencyOfCountry" time="0.051" classname="example.example.tests.SubscriptionPageTest"/>
</testsuite> <!-- Test -->
